<?xml version="1.0" encoding="UTF-8"?>
<!-- Generated by org.testng.reporters.JUnitReportReporter -->
<testsuite hostname="DESKTOP-I099S8I" failures="0" tests="1" name="selenium1.NewTest" time="0.017" errors="0" timestamp="23 Mar 2021 12:07:11 GMT">
  <testcase classname="selenium1.NewTest" name="f" time="0.017"/>
</testsuite> <!-- selenium1.NewTest -->
